This is pdfTeX, Version 3.14159265-2.6-1.40.18 (TeX Live 2017) (preloaded format=pdflatex 2017.7.13)  29 MAR 2018 14:35
entering extended mode
 restricted \write18 enabled.
 %&-line parsing enabled.
**av_report.tex
(./av_report.tex
LaTeX2e <2017-04-15>
Babel <3.10> and hyphenation patterns for 84 language(s) loaded.
(/opt/texlive/2017/texmf-dist/tex/latex/base/article.cls
Document Class: article 2014/09/29 v1.4h Standard LaTeX document class
(/opt/texlive/2017/texmf-dist/tex/latex/base/size10.clo
File: size10.clo 2014/09/29 v1.4h Standard LaTeX file (size option)
)
\c@part=\count79
\c@section=\count80
\c@subsection=\count81
\c@subsubsection=\count82
\c@paragraph=\count83
\c@subparagraph=\count84
\c@figure=\count85
\c@table=\count86
\abovecaptionskip=\skip41
\belowcaptionskip=\skip42
\bibindent=\dimen102
)
(/opt/texlive/2017/texmf-dist/tex/latex/geometry/geometry.sty
Package: geometry 2010/09/12 v5.6 Page Geometry

(/opt/texlive/2017/texmf-dist/tex/latex/graphics/keyval.sty
Package: keyval 2014/10/28 v1.15 key=value parser (DPC)
\KV@toks@=\toks14
)
(/opt/texlive/2017/texmf-dist/tex/generic/oberdiek/ifpdf.sty
Package: ifpdf 2017/03/15 v3.2 Provides the ifpdf switch
)
(/opt/texlive/2017/texmf-dist/tex/generic/oberdiek/ifvtex.sty
Package: ifvtex 2016/05/16 v1.6 Detect VTeX and its facilities (HO)
Package ifvtex Info: VTeX not detected.
)
(/opt/texlive/2017/texmf-dist/tex/generic/ifxetex/ifxetex.sty
Package: ifxetex 2010/09/12 v0.6 Provides ifxetex conditional
)
\Gm@cnth=\count87
\Gm@cntv=\count88
\c@Gm@tempcnt=\count89
\Gm@bindingoffset=\dimen103
\Gm@wd@mp=\dimen104
\Gm@odd@mp=\dimen105
\Gm@even@mp=\dimen106
\Gm@layoutwidth=\dimen107
\Gm@layoutheight=\dimen108
\Gm@layouthoffset=\dimen109
\Gm@layoutvoffset=\dimen110
\Gm@dimlist=\toks15
)
(/opt/texlive/2017/texmf-dist/tex/latex/amsfonts/amssymb.sty
Package: amssymb 2013/01/14 v3.01 AMS font symbols

(/opt/texlive/2017/texmf-dist/tex/latex/amsfonts/amsfonts.sty
Package: amsfonts 2013/01/14 v3.01 Basic AMSFonts support
\@emptytoks=\toks16
\symAMSa=\mathgroup4
\symAMSb=\mathgroup5
LaTeX Font Info:    Overwriting math alphabet `\mathfrak' in version `bold'
(Font)                  U/euf/m/n --> U/euf/b/n on input line 106.
))
(/opt/texlive/2017/texmf-dist/tex/latex/amsmath/amsmath.sty
Package: amsmath 2016/11/05 v2.16a AMS math features
\@mathmargin=\skip43

For additional information on amsmath, use the `?' option.
(/opt/texlive/2017/texmf-dist/tex/latex/amsmath/amstext.sty
Package: amstext 2000/06/29 v2.01 AMS text

(/opt/texlive/2017/texmf-dist/tex/latex/amsmath/amsgen.sty
File: amsgen.sty 1999/11/30 v2.0 generic functions
\@emptytoks=\toks17
\ex@=\dimen111
))
(/opt/texlive/2017/texmf-dist/tex/latex/amsmath/amsbsy.sty
Package: amsbsy 1999/11/29 v1.2d Bold Symbols
\pmbraise@=\dimen112
)
(/opt/texlive/2017/texmf-dist/tex/latex/amsmath/amsopn.sty
Package: amsopn 2016/03/08 v2.02 operator names
)
\inf@bad=\count90
LaTeX Info: Redefining \frac on input line 213.
\uproot@=\count91
\leftroot@=\count92
LaTeX Info: Redefining \overline on input line 375.
\classnum@=\count93
\DOTSCASE@=\count94
LaTeX Info: Redefining \ldots on input line 472.
LaTeX Info: Redefining \dots on input line 475.
LaTeX Info: Redefining \cdots on input line 596.
\Mathstrutbox@=\box26
\strutbox@=\box27
\big@size=\dimen113
LaTeX Font Info:    Redeclaring font encoding OML on input line 712.
LaTeX Font Info:    Redeclaring font encoding OMS on input line 713.
\macc@depth=\count95
\c@MaxMatrixCols=\count96
\dotsspace@=\muskip10
\c@parentequation=\count97
\dspbrk@lvl=\count98
\tag@help=\toks18
\row@=\count99
\column@=\count100
\maxfields@=\count101
\andhelp@=\toks19
\eqnshift@=\dimen114
\alignsep@=\dimen115
\tagshift@=\dimen116
\tagwidth@=\dimen117
\totwidth@=\dimen118
\lineht@=\dimen119
\@envbody=\toks20
\multlinegap=\skip44
\multlinetaggap=\skip45
\mathdisplay@stack=\toks21
LaTeX Info: Redefining \[ on input line 2817.
LaTeX Info: Redefining \] on input line 2818.
)
(/opt/texlive/2017/texmf-dist/tex/latex/graphics/graphicx.sty
Package: graphicx 2014/10/28 v1.0g Enhanced LaTeX Graphics (DPC,SPQR)

(/opt/texlive/2017/texmf-dist/tex/latex/graphics/graphics.sty
Package: graphics 2017/04/14 v1.1b Standard LaTeX Graphics (DPC,SPQR)

(/opt/texlive/2017/texmf-dist/tex/latex/graphics/trig.sty
Package: trig 2016/01/03 v1.10 sin cos tan (DPC)
)
(/opt/texlive/2017/texmf-dist/tex/latex/graphics-cfg/graphics.cfg
File: graphics.cfg 2016/06/04 v1.11 sample graphics configuration
)
Package graphics Info: Driver file: pdftex.def on input line 99.

(/opt/texlive/2017/texmf-dist/tex/latex/graphics-def/pdftex.def
File: pdftex.def 2017/01/12 v0.06k Graphics/color for pdfTeX

(/opt/texlive/2017/texmf-dist/tex/generic/oberdiek/infwarerr.sty
Package: infwarerr 2016/05/16 v1.4 Providing info/warning/error messages (HO)
)
(/opt/texlive/2017/texmf-dist/tex/generic/oberdiek/ltxcmds.sty
Package: ltxcmds 2016/05/16 v1.23 LaTeX kernel commands for general use (HO)
)
\Gread@gobject=\count102
))
\Gin@req@height=\dimen120
\Gin@req@width=\dimen121
)
(/opt/texlive/2017/texmf-dist/tex/latex/psnfss/times.sty
Package: times 2005/04/12 PSNFSS-v9.2a (SPQR) 
)
(/opt/texlive/2017/texmf-dist/tex/latex/subfigure/subfigure.sty
Package: subfigure 2002/03/15 v2.1.5 subfigure package
\subfigtopskip=\skip46
\subfigcapskip=\skip47
\subfigcaptopadj=\dimen122
\subfigbottomskip=\skip48
\subfigcapmargin=\dimen123
\subfiglabelskip=\skip49
\c@subfigure=\count103
\c@lofdepth=\count104
\c@subtable=\count105
\c@lotdepth=\count106

****************************************
* Local config file subfigure.cfg used *
****************************************
(/opt/texlive/2017/texmf-dist/tex/latex/subfigure/subfigure.cfg)
\subfig@top=\skip50
\subfig@bottom=\skip51
)
(/opt/texlive/2017/texmf-dist/tex/latex/caption/caption.sty
Package: caption 2016/02/21 v3.3-144 Customizing captions (AR)

(/opt/texlive/2017/texmf-dist/tex/latex/caption/caption3.sty
Package: caption3 2016/05/22 v1.7-166 caption3 kernel (AR)
Package caption3 Info: TeX engine: e-TeX on input line 67.
\captionmargin=\dimen124
\captionmargin@=\dimen125
\captionwidth=\dimen126
\caption@tempdima=\dimen127
\caption@indent=\dimen128
\caption@parindent=\dimen129
\caption@hangindent=\dimen130
)
\c@ContinuedFloat=\count107
Package caption Info: subfigure package is loaded.
)
(/opt/texlive/2017/texmf-dist/tex/latex/tools/enumerate.sty
Package: enumerate 2015/07/23 v3.00 enumerate extensions (DPC)
\@enLab=\toks22
)
(/opt/texlive/2017/texmf-dist/tex/latex/cite/cite.sty
LaTeX Info: Redefining \cite on input line 302.
LaTeX Info: Redefining \nocite on input line 332.
Package: cite 2015/02/27  v 5.5
)
(/opt/texlive/2017/texmf-dist/tex/latex/url/url.sty
\Urlmuskip=\muskip11
Package: url 2013/09/16  ver 3.4  Verb mode for urls, etc.
)
(/opt/texlive/2017/texmf-dist/tex/latex/algorithms/algorithm.sty
Package: algorithm 2009/08/24 v0.1 Document Style `algorithm' - floating enviro
nment

(/opt/texlive/2017/texmf-dist/tex/latex/float/float.sty
Package: float 2001/11/08 v1.3d Float enhancements (AL)
\c@float@type=\count108
\float@exts=\toks23
\float@box=\box28
\@float@everytoks=\toks24
\@floatcapt=\box29
)
(/opt/texlive/2017/texmf-dist/tex/latex/base/ifthen.sty
Package: ifthen 2014/09/29 v1.1c Standard LaTeX ifthen package (DPC)
)
\@float@every@algorithm=\toks25
\c@algorithm=\count109
)
(/opt/texlive/2017/texmf-dist/tex/latex/algorithmicx/algorithmicx.sty
Package: algorithmicx 2005/04/27 v1.2 Algorithmicx

Document Style algorithmicx 1.2 - a greatly improved `algorithmic' style
\c@ALG@line=\count110
\c@ALG@rem=\count111
\c@ALG@nested=\count112
\ALG@tlm=\skip52
\ALG@thistlm=\skip53
\c@ALG@Lnr=\count113
\c@ALG@blocknr=\count114
\c@ALG@storecount=\count115
\c@ALG@tmpcounter=\count116
\ALG@tmplength=\skip54
) (/opt/texlive/2017/texmf-dist/tex/latex/algorithmicx/algpseudocode.sty
Package: algpseudocode 

Document Style - pseudocode environments for use with the `algorithmicx' style
) (/opt/texlive/2017/texmf-dist/tex/latex/listings/listings.sty
\lst@mode=\count117
\lst@gtempboxa=\box30
\lst@token=\toks26
\lst@length=\count118
\lst@currlwidth=\dimen131
\lst@column=\count119
\lst@pos=\count120
\lst@lostspace=\dimen132
\lst@width=\dimen133
\lst@newlines=\count121
\lst@lineno=\count122
\lst@maxwidth=\dimen134

(/opt/texlive/2017/texmf-dist/tex/latex/listings/lstmisc.sty
File: lstmisc.sty 2015/06/04 1.6 (Carsten Heinz)
\c@lstnumber=\count123
\lst@skipnumbers=\count124
\lst@framebox=\box31
)
(/opt/texlive/2017/texmf-dist/tex/latex/listings/listings.cfg
File: listings.cfg 2015/06/04 1.6 listings configuration
))
Package: listings 2015/06/04 1.6 (Carsten Heinz)

(/opt/texlive/2017/texmf-dist/tex/latex/appendix/appendix.sty
Package: appendix 2009/09/02 v1.2b extra appendix facilities
\c@@pps=\count125
\c@@ppsavesec=\count126
\c@@ppsaveapp=\count127
) (./av_report.aux)
\openout1 = `av_report.aux'.

LaTeX Font Info:    Checking defaults for OML/cmm/m/it on input line 46.
LaTeX Font Info:    ... okay on input line 46.
LaTeX Font Info:    Checking defaults for T1/cmr/m/n on input line 46.
LaTeX Font Info:    ... okay on input line 46.
LaTeX Font Info:    Checking defaults for OT1/cmr/m/n on input line 46.
LaTeX Font Info:    ... okay on input line 46.
LaTeX Font Info:    Checking defaults for OMS/cmsy/m/n on input line 46.
LaTeX Font Info:    ... okay on input line 46.
LaTeX Font Info:    Checking defaults for OMX/cmex/m/n on input line 46.
LaTeX Font Info:    ... okay on input line 46.
LaTeX Font Info:    Checking defaults for U/cmr/m/n on input line 46.
LaTeX Font Info:    ... okay on input line 46.
LaTeX Font Info:    Try loading font information for OT1+ptm on input line 46.
 (/opt/texlive/2017/texmf-dist/tex/latex/psnfss/ot1ptm.fd
File: ot1ptm.fd 2001/06/04 font definitions for OT1/ptm.
)
*geometry* driver: auto-detecting
*geometry* detected driver: pdftex
*geometry* verbose mode - [ preamble ] result:
* driver: pdftex
* paper: a4paper
* layout: <same size as paper>
* layoutoffset:(h,v)=(0.0pt,0.0pt)
* modes: 
* h-part:(L,W,R)=(90.3375pt, 416.83289pt, 90.3375pt)
* v-part:(T,H,B)=(72.26999pt, 700.50687pt, 72.26999pt)
* \paperwidth=597.50787pt
* \paperheight=845.04684pt
* \textwidth=416.83289pt
* \textheight=700.50687pt
* \oddsidemargin=18.0675pt
* \evensidemargin=18.0675pt
* \topmargin=-37.0pt
* \headheight=12.0pt
* \headsep=25.0pt
* \topskip=10.0pt
* \footskip=30.0pt
* \marginparwidth=57.0pt
* \marginparsep=11.0pt
* \columnsep=10.0pt
* \skip\footins=9.0pt plus 4.0pt minus 2.0pt
* \hoffset=0.0pt
* \voffset=0.0pt
* \mag=1000
* \@twocolumnfalse
* \@twosidefalse
* \@mparswitchfalse
* \@reversemarginfalse
* (1in=72.27pt=25.4mm, 1cm=28.453pt)

(/opt/texlive/2017/texmf-dist/tex/context/base/mkii/supp-pdf.mkii
[Loading MPS to PDF converter (version 2006.09.02).]
\scratchcounter=\count128
\scratchdimen=\dimen135
\scratchbox=\box32
\nofMPsegments=\count129
\nofMParguments=\count130
\everyMPshowfont=\toks27
\MPscratchCnt=\count131
\MPscratchDim=\dimen136
\MPnumerator=\count132
\makeMPintoPDFobject=\count133
\everyMPtoPDFconversion=\toks28
) (/opt/texlive/2017/texmf-dist/tex/generic/oberdiek/pdftexcmds.sty
Package: pdftexcmds 2017/03/19 v0.25 Utility functions of pdfTeX for LuaTeX (HO
)

(/opt/texlive/2017/texmf-dist/tex/generic/oberdiek/ifluatex.sty
Package: ifluatex 2016/05/16 v1.4 Provides the ifluatex switch (HO)
Package ifluatex Info: LuaTeX not detected.
)
Package pdftexcmds Info: LuaTeX not detected.
Package pdftexcmds Info: \pdf@primitive is available.
Package pdftexcmds Info: \pdf@ifprimitive is available.
Package pdftexcmds Info: \pdfdraftmode found.
)
(/opt/texlive/2017/texmf-dist/tex/latex/oberdiek/epstopdf-base.sty
Package: epstopdf-base 2016/05/15 v2.6 Base part for package epstopdf

(/opt/texlive/2017/texmf-dist/tex/latex/oberdiek/grfext.sty
Package: grfext 2016/05/16 v1.2 Manage graphics extensions (HO)

(/opt/texlive/2017/texmf-dist/tex/generic/oberdiek/kvdefinekeys.sty
Package: kvdefinekeys 2016/05/16 v1.4 Define keys (HO)
))
(/opt/texlive/2017/texmf-dist/tex/latex/oberdiek/kvoptions.sty
Package: kvoptions 2016/05/16 v3.12 Key value format for package options (HO)

(/opt/texlive/2017/texmf-dist/tex/generic/oberdiek/kvsetkeys.sty
Package: kvsetkeys 2016/05/16 v1.17 Key value parser (HO)

(/opt/texlive/2017/texmf-dist/tex/generic/oberdiek/etexcmds.sty
Package: etexcmds 2016/05/16 v1.6 Avoid name clashes with e-TeX commands (HO)
Package etexcmds Info: Could not find \expanded.
(etexcmds)             That can mean that you are not using pdfTeX 1.50 or
(etexcmds)             that some package has redefined \expanded.
(etexcmds)             In the latter case, load this package earlier.
)))
Package epstopdf-base Info: Redefining graphics rule for `.eps' on input line 4
38.
Package grfext Info: Graphics extension search list:
(grfext)             [.png,.pdf,.jpg,.mps,.jpeg,.jbig2,.jb2,.PNG,.PDF,.JPG,.JPE
G,.JBIG2,.JB2,.eps]
(grfext)             \AppendGraphicsExtensions on input line 456.

(/opt/texlive/2017/texmf-dist/tex/latex/latexconfig/epstopdf-sys.cfg
File: epstopdf-sys.cfg 2010/07/13 v1.3 Configuration of (r)epstopdf for TeX Liv
e
))
Package caption Info: Begin \AtBeginDocument code.
Package caption Info: float package is loaded.
Package caption Info: listings package is loaded.
Package caption Info: End \AtBeginDocument code.
\c@lstlisting=\count134
LaTeX Font Info:    Try loading font information for U+msa on input line 48.

(/opt/texlive/2017/texmf-dist/tex/latex/amsfonts/umsa.fd
File: umsa.fd 2013/01/14 v3.01 AMS symbols A
)
LaTeX Font Info:    Try loading font information for U+msb on input line 48.

(/opt/texlive/2017/texmf-dist/tex/latex/amsfonts/umsb.fd
File: umsb.fd 2013/01/14 v3.01 AMS symbols B
)
LaTeX Font Info:    Font shape `OT1/ptm/bx/n' in size <14.4> not available
(Font)              Font shape `OT1/ptm/b/n' tried instead on input line 50.
LaTeX Font Info:    Font shape `OT1/ptm/bx/n' in size <12> not available
(Font)              Font shape `OT1/ptm/b/n' tried instead on input line 54.
LaTeX Font Info:    Font shape `OT1/ptm/bx/n' in size <10> not available
(Font)              Font shape `OT1/ptm/b/n' tried instead on input line 55.
LaTeX Font Info:    Try loading font information for OMS+ptm on input line 60.

(/opt/texlive/2017/texmf-dist/tex/latex/psnfss/omsptm.fd
File: omsptm.fd 
)
LaTeX Font Info:    Font shape `OMS/ptm/m/n' in size <10> not available
(Font)              Font shape `OMS/cmsy/m/n' tried instead on input line 60.
LaTeX Font Info:    Try loading font information for OT1+pcr on input line 60.

(/opt/texlive/2017/texmf-dist/tex/latex/psnfss/ot1pcr.fd
File: ot1pcr.fd 2001/06/04 font definitions for OT1/pcr.
)
Package epstopdf Info: Source file: <p2.eps>
(epstopdf)                    date: 2018-03-27 22:56:42
(epstopdf)                    size: 10938437 bytes
(epstopdf)             Output file: <p2-eps-converted-to.pdf>
(epstopdf)                    date: 2018-03-29 09:50:36
(epstopdf)                    size: 121476 bytes
(epstopdf)             Command: <repstopdf --outfile=p2-eps-converted-to.pdf p2
.eps>
(epstopdf)             \includegraphics on input line 142.
Package epstopdf Info: Output file is already uptodate.

<p2-eps-converted-to.pdf, id=1, 1927.2pt x 940.51375pt>
File: p2-eps-converted-to.pdf Graphic file (type pdf)

<use p2-eps-converted-to.pdf>
Package pdftex.def Info: p2-eps-converted-to.pdf used on input line 142.
(pdftex.def)             Requested size: 154.22931pt x 75.25699pt.
Package epstopdf Info: Source file: <p1.eps>
(epstopdf)                    date: 2018-03-27 22:47:47
(epstopdf)                    size: 10938437 bytes
(epstopdf)             Output file: <p1-eps-converted-to.pdf>
(epstopdf)                    date: 2018-03-29 09:50:43
(epstopdf)                    size: 129811 bytes
(epstopdf)             Command: <repstopdf --outfile=p1-eps-converted-to.pdf p1
.eps>
(epstopdf)             \includegraphics on input line 150.
Package epstopdf Info: Output file is already uptodate.

<p1-eps-converted-to.pdf, id=2, 1927.2pt x 940.51375pt>
File: p1-eps-converted-to.pdf Graphic file (type pdf)

<use p1-eps-converted-to.pdf>
Package pdftex.def Info: p1-eps-converted-to.pdf used on input line 150.
(pdftex.def)             Requested size: 154.22931pt x 75.25699pt.

Overfull \hbox (55.78442pt too wide) in paragraph at lines 138--155
[]  []   [] 
 []

<unmasked.jpg, id=3, 704.6325pt x 516.93124pt>
File: unmasked.jpg Graphic file (type jpg)
 <use unmasked.jpg>
Package pdftex.def Info: unmasked.jpg used on input line 164.
(pdftex.def)             Requested size: 211.39139pt x 155.08057pt.

<masked.jpg, id=4, 704.6325pt x 516.93124pt>
File: masked.jpg Graphic file (type jpg)
 <use masked.jpg>
Package pdftex.def Info: masked.jpg used on input line 172.
(pdftex.def)             Requested size: 211.39139pt x 155.08057pt.

Overfull \hbox (55.78442pt too wide) in paragraph at lines 160--177
[]  []   [] 
 []


LaTeX Warning: `!h' float specifier changed to `!ht'.

[1

{/opt/texlive/2017/texmf-var/fonts/map/pdftex/updmap/pdftex.map} <./p2-eps-conv
erted-to.pdf> <./p1-eps-converted-to.pdf>] [2]
<planeandnormalori.jpg, id=27, 704.6325pt x 516.93124pt>
File: planeandnormalori.jpg Graphic file (type jpg)

<use planeandnormalori.jpg>
Package pdftex.def Info: planeandnormalori.jpg used on input line 220.
(pdftex.def)             Requested size: 211.39139pt x 155.08057pt.

<planeandnormal.jpg, id=28, 704.6325pt x 516.93124pt>
File: planeandnormal.jpg Graphic file (type jpg)
 <use planeandnormal.jpg>
Package pdftex.def Info: planeandnormal.jpg used on input line 228.
(pdftex.def)             Requested size: 211.39139pt x 155.08057pt.

Overfull \hbox (55.78442pt too wide) in paragraph at lines 216--233
[]  []   [] 
 []

[3 <./unmasked.jpg> <./masked.jpg> <./planeandnormalori.jpg> <./planeandnormal.
jpg>] [4] <cornerori.jpg, id=35, 702.625pt x 513.92pt>
File: cornerori.jpg Graphic file (type jpg)
 <use cornerori.jpg>
Package pdftex.def Info: cornerori.jpg used on input line 331.
(pdftex.def)             Requested size: 140.5225pt x 102.78217pt.

Overfull \hbox (15.47137pt too wide) in paragraph at lines 331--333
 [][] 
 []

<corner.jpg, id=36, 562.1pt x 421.575pt>
File: corner.jpg Graphic file (type jpg)
 <use corner.jpg>
Package pdftex.def Info: corner.jpg used on input line 339.
(pdftex.def)             Requested size: 281.04932pt x 210.78697pt.

Overfull \hbox (18.57689pt too wide) in paragraph at lines 328--344
[][] [] 
 []


Overfull \hbox (6.26393pt too wide) in paragraph at lines 373--374
[] $\OML/cmm/m/it/10 Intersection point \OMS/cmsy/m/n/10  $\OT1/ptm/m/sc/10 get
PlaneLineIntersection\OT1/ptm/m/n/10 ($\OML/cmm/m/it/10 Planes\OMS/cmsy/m/n/10 
f\OT1/cmr/m/n/10 3\OMS/cmsy/m/n/10 g\OML/cmm/m/it/10 ; Points[]\OT1/cmr/m/n/10 
12\OML/cmm/m/it/10 ; Vector[]\OT1/cmr/m/n/10 12$\OT1/ptm/m/n/10 ) 
 []

[5 <./cornerori.jpg> <./corner.jpg>] [6]
<rotated.jpg, id=43, 562.1pt x 421.575pt>
File: rotated.jpg Graphic file (type jpg)
 <use rotated.jpg>
Package pdftex.def Info: rotated.jpg used on input line 480.
(pdftex.def)             Requested size: 281.04932pt x 210.78697pt.


LaTeX Warning: `!h' float specifier changed to `!ht'.

[7] <box/49.jpg, id=48, 281.05pt x 164.615pt>
File: box/49.jpg Graphic file (type jpg)
 <use box/49.jpg>
Package pdftex.def Info: box/49.jpg used on input line 510.
(pdftex.def)             Requested size: 140.52464pt x 82.3073pt.


LaTeX Warning: `!h' float specifier changed to `!ht'.

[8 <./rotated.jpg> <./box/49.jpg>]

LaTeX Warning: Text page 9 contains only floats.

[9] <box/4.jpg, id=55, 281.05pt x 164.615pt>
File: box/4.jpg Graphic file (type jpg)
 <use box/4.jpg>
Package pdftex.def Info: box/4.jpg used on input line 605.
(pdftex.def)             Requested size: 140.52464pt x 82.3073pt.

Overfull \hbox (2.96904pt too wide) in paragraph at lines 605--607
 [][] 
 []

<box/5.jpg, id=56, 281.05pt x 164.615pt>
File: box/5.jpg Graphic file (type jpg)
 <use box/5.jpg>
Package pdftex.def Info: box/5.jpg used on input line 612.
(pdftex.def)             Requested size: 140.52464pt x 82.3073pt.

Overfull \hbox (2.96904pt too wide) in paragraph at lines 612--614
 [][] 
 []

<box/6.jpg, id=57, 281.05pt x 164.615pt>
File: box/6.jpg Graphic file (type jpg)
 <use box/6.jpg>
Package pdftex.def Info: box/6.jpg used on input line 619.
(pdftex.def)             Requested size: 140.52464pt x 82.3073pt.

Overfull \hbox (2.96904pt too wide) in paragraph at lines 619--621
 [][] 
 []

<box/9.jpg, id=58, 281.05pt x 164.615pt>
File: box/9.jpg Graphic file (type jpg)
 <use box/9.jpg>
Package pdftex.def Info: box/9.jpg used on input line 632.
(pdftex.def)             Requested size: 140.52464pt x 82.3073pt.

Overfull \hbox (2.96904pt too wide) in paragraph at lines 632--634
 [][] 
 []

<box/11.jpg, id=59, 281.05pt x 164.615pt>
File: box/11.jpg Graphic file (type jpg)
 <use box/11.jpg>
Package pdftex.def Info: box/11.jpg used on input line 639.
(pdftex.def)             Requested size: 140.52464pt x 82.3073pt.

Overfull \hbox (2.96904pt too wide) in paragraph at lines 639--641
 [][] 
 []

<box/12.jpg, id=60, 281.05pt x 164.615pt>
File: box/12.jpg Graphic file (type jpg)
 <use box/12.jpg>
Package pdftex.def Info: box/12.jpg used on input line 646.
(pdftex.def)             Requested size: 140.52464pt x 82.3073pt.

Overfull \hbox (2.96904pt too wide) in paragraph at lines 646--648
 [][] 
 []

<box/13.jpg, id=61, 281.05pt x 164.615pt>
File: box/13.jpg Graphic file (type jpg)
 <use box/13.jpg>
Package pdftex.def Info: box/13.jpg used on input line 659.
(pdftex.def)             Requested size: 140.52464pt x 82.3073pt.

Overfull \hbox (2.96904pt too wide) in paragraph at lines 659--661
 [][] 
 []

<box/15.jpg, id=62, 281.05pt x 164.615pt>
File: box/15.jpg Graphic file (type jpg)
 <use box/15.jpg>
Package pdftex.def Info: box/15.jpg used on input line 666.
(pdftex.def)             Requested size: 140.52464pt x 82.3073pt.

Overfull \hbox (2.96904pt too wide) in paragraph at lines 666--668
 [][] 
 []

<box/16.jpg, id=63, 281.05pt x 164.615pt>
File: box/16.jpg Graphic file (type jpg)
 <use box/16.jpg>
Package pdftex.def Info: box/16.jpg used on input line 673.
(pdftex.def)             Requested size: 140.52464pt x 82.3073pt.

Overfull \hbox (2.96904pt too wide) in paragraph at lines 673--675
 [][] 
 []

<box/18.jpg, id=64, 281.05pt x 164.615pt>
File: box/18.jpg Graphic file (type jpg)
 <use box/18.jpg>
Package pdftex.def Info: box/18.jpg used on input line 687.
(pdftex.def)             Requested size: 140.52464pt x 82.3073pt.

Overfull \hbox (2.96904pt too wide) in paragraph at lines 687--689
 [][] 
 []

<box/22.jpg, id=65, 281.05pt x 164.615pt>
File: box/22.jpg Graphic file (type jpg)
 <use box/22.jpg>
Package pdftex.def Info: box/22.jpg used on input line 694.
(pdftex.def)             Requested size: 140.52464pt x 82.3073pt.

Overfull \hbox (2.96904pt too wide) in paragraph at lines 694--696
 [][] 
 []

<box/24.jpg, id=66, 281.05pt x 164.615pt>
File: box/24.jpg Graphic file (type jpg)
 <use box/24.jpg>
Package pdftex.def Info: box/24.jpg used on input line 701.
(pdftex.def)             Requested size: 140.52464pt x 82.3073pt.

Overfull \hbox (2.96904pt too wide) in paragraph at lines 701--703
 [][] 
 []

<box/28.jpg, id=67, 281.05pt x 164.615pt>
File: box/28.jpg Graphic file (type jpg)
 <use box/28.jpg>
Package pdftex.def Info: box/28.jpg used on input line 713.
(pdftex.def)             Requested size: 140.52464pt x 82.3073pt.

Overfull \hbox (2.96904pt too wide) in paragraph at lines 713--715
 [][] 
 []

<box/36.jpg, id=68, 281.05pt x 164.615pt>
File: box/36.jpg Graphic file (type jpg)
 <use box/36.jpg>
Package pdftex.def Info: box/36.jpg used on input line 720.
(pdftex.def)             Requested size: 140.52464pt x 82.3073pt.

Overfull \hbox (2.96904pt too wide) in paragraph at lines 720--722
 [][] 
 []

<box/40.jpg, id=69, 281.05pt x 164.615pt>
File: box/40.jpg Graphic file (type jpg)
 <use box/40.jpg>
Package pdftex.def Info: box/40.jpg used on input line 727.
(pdftex.def)             Requested size: 140.52464pt x 82.3073pt.

Overfull \hbox (2.96904pt too wide) in paragraph at lines 727--729
 [][] 
 []

[10 <./box/4.jpg> <./box/5.jpg> <./box/6.jpg> <./box/9.jpg> <./box/11.jpg> <./b
ox/12.jpg> <./box/13.jpg> <./box/15.jpg> <./box/16.jpg> <./box/18.jpg> <./box/2
2.jpg> <./box/24.jpg> <./box/28.jpg> <./box/36.jpg> <./box/40.jpg>]
<planeerror13.jpg, id=73, 190.7125pt x 139.52126pt>
File: planeerror13.jpg Graphic file (type jpg)
 <use planeerror13.jpg>
Package pdftex.def Info: planeerror13.jpg used on input line 762.
(pdftex.def)             Requested size: 95.356pt x 69.76045pt.

<planeerror15.jpg, id=74, 190.7125pt x 139.52126pt>
File: planeerror15.jpg Graphic file (type jpg)
 <use planeerror15.jpg>
Package pdftex.def Info: planeerror15.jpg used on input line 770.
(pdftex.def)             Requested size: 95.356pt x 69.76045pt.

Overfull \hbox (1.90002pt too wide) in paragraph at lines 759--775
[][] [] 
 []

<angularerror.jpg, id=75, 1014.79124pt x 271.0125pt>
File: angularerror.jpg Graphic file (type jpg)
 <use angularerror.jpg>
Package pdftex.def Info: angularerror.jpg used on input line 793.
(pdftex.def)             Requested size: 405.9093pt x 108.40306pt.

[11 <./planeerror13.jpg> <./planeerror15.jpg> <./angularerror.jpg>]
<armse.jpg, id=79, 1452.42625pt x 311.1625pt>
File: armse.jpg Graphic file (type jpg)
 <use armse.jpg>
Package pdftex.def Info: armse.jpg used on input line 815.
(pdftex.def)             Requested size: 406.67657pt x 87.1249pt.

<armae.jpg, id=80, 1121.18875pt x 303.1325pt>
File: armae.jpg Graphic file (type jpg)
 <use armae.jpg>
Package pdftex.def Info: armae.jpg used on input line 828.
(pdftex.def)             Requested size: 403.62764pt x 109.12761pt.
 [12 <./armse.jpg> <./armae.jpg>] [13]
Overfull \hbox (0.96664pt too wide) in paragraph at lines 951--952
[]$\OT1/pcr/m/n/9 h t t p s : / / u k . m a t h w o r k s . c o m / m a t l a b
 c e n t r a l / f i l e e x c h a n g e / 17751-[] s t r a i g h t-[] l i n e-
[] a n d -[] p
 []


Overfull \hbox (21.06662pt too wide) in paragraph at lines 953--954
[]$\OT1/pcr/m/n/9 h t t p s : / / u k . m a t h w o r k s . c o m / m a t l a b
 c e n t r a l / f i l e e x c h a n g e / 7844-[] g e o m2 d ? f o c u s e d =
8114527& t
 []


Underfull \hbox (badness 10000) in paragraph at lines 959--963

 []

(/opt/texlive/2017/texmf-dist/tex/latex/listings/lstlang1.sty
File: lstlang1.sty 2015/06/04 1.6 listings language file
)
LaTeX Font Info:    Try loading font information for OML+ptm on input line 975.


(/opt/texlive/2017/texmf-dist/tex/latex/psnfss/omlptm.fd
File: omlptm.fd 
)
LaTeX Font Info:    Font shape `OML/ptm/m/n' in size <10> not available
(Font)              Font shape `OML/cmm/m/it' tried instead on input line 975.
 [14]
LaTeX Font Info:    Font shape `OML/ptm/m/it' in size <10> not available
(Font)              Font shape `OML/cmm/m/it' tried instead on input line 1010.

 [15] [16]
[17]
LaTeX Font Info:    Font shape `OMS/ptm/m/it' in size <10> not available
(Font)              Font shape `OMS/cmsy/m/n' tried instead on input line 1167.

 [18] [19] [20]
Overfull \hbox (9.17145pt too wide) in paragraph at lines 1374--1375
[][][][][][][][][][][][][][][][][][][][][][][][][][][][][][][] 
 []

[21] [22] [23] [24]
Overfull \hbox (9.17145pt too wide) in paragraph at lines 1595--1596
[][][][][][][][][][][][][][][][][][][][][][][][][][][][][][][][][][][] 
 []

[25] [26] [27] [28] [29] [30] [31] (./av_report.aux) ) 
Here is how much of TeX's memory you used:
 7292 strings out of 492995
 103757 string characters out of 6101534
 225137 words of memory out of 5000000
 10671 multiletter control sequences out of 15000+600000
 29213 words of font info for 72 fonts, out of 8000000 for 9000
 1141 hyphenation exceptions out of 8191
 39i,10n,42p,640b,2000s stack positions out of 5000i,500n,10000p,200000b,80000s
{/opt/texlive/2017/texmf-
dist/fonts/enc/dvips/base/8r.enc}</opt/texlive/2017/texmf-dist/fonts/type1/publ
ic/amsfonts/cm/cmex10.pfb></opt/texlive/2017/texmf-dist/fonts/type1/public/amsf
onts/cm/cmmi10.pfb></opt/texlive/2017/texmf-dist/fonts/type1/public/amsfonts/cm
/cmr10.pfb></opt/texlive/2017/texmf-dist/fonts/type1/public/amsfonts/cm/cmsy10.
pfb></opt/texlive/2017/texmf-dist/fonts/type1/urw/courier/ucrr8a.pfb></opt/texl
ive/2017/texmf-dist/fonts/type1/urw/times/utmb8a.pfb></opt/texlive/2017/texmf-d
ist/fonts/type1/urw/times/utmr8a.pfb></opt/texlive/2017/texmf-dist/fonts/type1/
urw/times/utmri8a.pfb>
Output written on av_report.pdf (31 pages, 984003 bytes).
PDF statistics:
 173 PDF objects out of 1000 (max. 8388607)
 99 compressed objects within 1 object stream
 0 named destinations out of 1000 (max. 500000)
 151 words of extra memory for PDF output out of 10000 (max. 10000000)

